[ 2018-01-18T14:55:26+08:00 ] ::1 /autoyj/index.php/Home/Index/cut
INFO: [ app_init ] --START--
INFO: Run Behavior\BuildLiteBehavior [ RunTime:0.000024s ]
INFO: [ app_init ] --END-- [ RunTime:0.000766s ]
INFO: [ app_begin ] --START--
INFO: Run Behavior\ReadHtmlCacheBehavior [ RunTime:0.000776s ]
INFO: [ app_begin ] --END-- [ RunTime:0.000880s ]
SQL: SHOW COLUMNS FROM `think_cut` [ RunTime:0.0726s ]
SQL: SELECT `x`,`y` FROM `think_cut`  [ RunTime:0.0104s ]
NOTIC: [8] Undefined variable: width E:\wamp\www\autoyj\Application\Home\Controller\IndexController.class.php 第 48 行.
NOTIC: [8] Undefined variable: height E:\wamp\www\autoyj\Application\Home\Controller\IndexController.class.php 第 49 行.
NOTIC: [8] Undefined variable: width E:\wamp\www\autoyj\Application\Home\Controller\IndexController.class.php 第 48 行.
NOTIC: [8] Undefined variable: height E:\wamp\www\autoyj\Application\Home\Controller\IndexController.class.php 第 49 行.
NOTIC: [8] Undefined variable: width E:\wamp\www\autoyj\Application\Home\Controller\IndexController.class.php 第 48 行.
NOTIC: [8] Undefined variable: height E:\wamp\www\autoyj\Application\Home\Controller\IndexController.class.php 第 49 行.
NOTIC: [8] Undefined variable: width E:\wamp\www\autoyj\Application\Home\Controller\IndexController.class.php 第 48 行.
NOTIC: [8] Undefined variable: height E:\wamp\www\autoyj\Application\Home\Controller\IndexController.class.php 第 49 行.
NOTIC: [8] Undefined variable: width E:\wamp\www\autoyj\Application\Home\Controller\IndexController.class.php 第 48 行.
NOTIC: [8] Undefined variable: height E:\wamp\www\autoyj\Application\Home\Controller\IndexController.class.php 第 49 行.
NOTIC: [8] Undefined variable: width E:\wamp\www\autoyj\Application\Home\Controller\IndexController.class.php 第 48 行.
NOTIC: [8] Undefined variable: height E:\wamp\www\autoyj\Application\Home\Controller\IndexController.class.php 第 49 行.
NOTIC: [8] Undefined variable: width E:\wamp\www\autoyj\Application\Home\Controller\IndexController.class.php 第 48 行.
NOTIC: [8] Undefined variable: height E:\wamp\www\autoyj\Application\Home\Controller\IndexController.class.php 第 49 行.
NOTIC: [8] Undefined variable: width E:\wamp\www\autoyj\Application\Home\Controller\IndexController.class.php 第 48 行.
NOTIC: [8] Undefined variable: height E:\wamp\www\autoyj\Application\Home\Controller\IndexController.class.php 第 49 行.
NOTIC: [8] Undefined variable: width E:\wamp\www\autoyj\Application\Home\Controller\IndexController.class.php 第 48 行.
NOTIC: [8] Undefined variable: height E:\wamp\www\autoyj\Application\Home\Controller\IndexController.class.php 第 49 行.
NOTIC: [8] Undefined variable: width E:\wamp\www\autoyj\Application\Home\Controller\IndexController.class.php 第 48 行.
NOTIC: [8] Undefined variable: height E:\wamp\www\autoyj\Application\Home\Controller\IndexController.class.php 第 49 行.
NOTIC: [8] Undefined variable: width E:\wamp\www\autoyj\Application\Home\Controller\IndexController.class.php 第 48 行.
NOTIC: [8] Undefined variable: height E:\wamp\www\autoyj\Application\Home\Controller\IndexController.class.php 第 49 行.
NOTIC: [8] Undefined variable: width E:\wamp\www\autoyj\Application\Home\Controller\IndexController.class.php 第 48 行.
NOTIC: [8] Undefined variable: height E:\wamp\www\autoyj\Application\Home\Controller\IndexController.class.php 第 49 行.
INFO: [ view_parse ] --START--
INFO: [ template_filter ] --START--
INFO: Run Behavior\ContentReplaceBehavior [ RunTime:0.009677s ]
INFO: [ template_filter ] --END-- [ RunTime:0.009798s ]
INFO: Run Behavior\ParseTemplateBehavior [ RunTime:0.020408s ]
INFO: [ view_parse ] --END-- [ RunTime:0.020527s ]
INFO: [ view_filter ] --START--
INFO: Run Behavior\WriteHtmlCacheBehavior [ RunTime:0.000554s ]
INFO: [ view_filter ] --END-- [ RunTime:0.000654s ]
INFO: [ app_end ] --START--
INFO: Run Behavior\ShowPageTraceBehavior [ RunTime:0.000740s ]
INFO: [ app_end ] --END-- [ RunTime:0.000844s ]

[ 2018-01-18T14:56:03+08:00 ] ::1 /autoyj/index.php/Home/Index/cut
INFO: [ app_init ] --START--
INFO: Run Behavior\BuildLiteBehavior [ RunTime:0.000023s ]
INFO: [ app_init ] --END-- [ RunTime:0.000352s ]
INFO: [ app_begin ] --START--
INFO: Run Behavior\ReadHtmlCacheBehavior [ RunTime:0.000363s ]
INFO: [ app_begin ] --END-- [ RunTime:0.000467s ]
SQL: SHOW COLUMNS FROM `think_cut` [ RunTime:0.0013s ]
SQL: SELECT `x`,`y` FROM `think_cut`  [ RunTime:0.0003s ]
NOTIC: [8] Undefined variable: width E:\wamp\www\autoyj\Application\Home\Controller\IndexController.class.php 第 48 行.
NOTIC: [8] Undefined variable: height E:\wamp\www\autoyj\Application\Home\Controller\IndexController.class.php 第 49 行.
NOTIC: [8] Undefined variable: width E:\wamp\www\autoyj\Application\Home\Controller\IndexController.class.php 第 48 行.
NOTIC: [8] Undefined variable: height E:\wamp\www\autoyj\Application\Home\Controller\IndexController.class.php 第 49 行.
NOTIC: [8] Undefined variable: width E:\wamp\www\autoyj\Application\Home\Controller\IndexController.class.php 第 48 行.
NOTIC: [8] Undefined variable: height E:\wamp\www\autoyj\Application\Home\Controller\IndexController.class.php 第 49 行.
NOTIC: [8] Undefined variable: width E:\wamp\www\autoyj\Application\Home\Controller\IndexController.class.php 第 48 行.
NOTIC: [8] Undefined variable: height E:\wamp\www\autoyj\Application\Home\Controller\IndexController.class.php 第 49 行.
NOTIC: [8] Undefined variable: width E:\wamp\www\autoyj\Application\Home\Controller\IndexController.class.php 第 48 行.
NOTIC: [8] Undefined variable: height E:\wamp\www\autoyj\Application\Home\Controller\IndexController.class.php 第 49 行.
NOTIC: [8] Undefined variable: width E:\wamp\www\autoyj\Application\Home\Controller\IndexController.class.php 第 48 行.
NOTIC: [8] Undefined variable: height E:\wamp\www\autoyj\Application\Home\Controller\IndexController.class.php 第 49 行.
NOTIC: [8] Undefined variable: width E:\wamp\www\autoyj\Application\Home\Controller\IndexController.class.php 第 48 行.
NOTIC: [8] Undefined variable: height E:\wamp\www\autoyj\Application\Home\Controller\IndexController.class.php 第 49 行.
NOTIC: [8] Undefined variable: width E:\wamp\www\autoyj\Application\Home\Controller\IndexController.class.php 第 48 行.
NOTIC: [8] Undefined variable: height E:\wamp\www\autoyj\Application\Home\Controller\IndexController.class.php 第 49 行.
NOTIC: [8] Undefined variable: width E:\wamp\www\autoyj\Application\Home\Controller\IndexController.class.php 第 48 行.
NOTIC: [8] Undefined variable: height E:\wamp\www\autoyj\Application\Home\Controller\IndexController.class.php 第 49 行.
NOTIC: [8] Undefined variable: width E:\wamp\www\autoyj\Application\Home\Controller\IndexController.class.php 第 48 行.
NOTIC: [8] Undefined variable: height E:\wamp\www\autoyj\Application\Home\Controller\IndexController.class.php 第 49 行.
NOTIC: [8] Undefined variable: width E:\wamp\www\autoyj\Application\Home\Controller\IndexController.class.php 第 48 行.
NOTIC: [8] Undefined variable: height E:\wamp\www\autoyj\Application\Home\Controller\IndexController.class.php 第 49 行.
NOTIC: [8] Undefined variable: width E:\wamp\www\autoyj\Application\Home\Controller\IndexController.class.php 第 48 行.
NOTIC: [8] Undefined variable: height E:\wamp\www\autoyj\Application\Home\Controller\IndexController.class.php 第 49 行.
INFO: [ view_parse ] --START--
INFO: [ template_filter ] --START--
INFO: Run Behavior\ContentReplaceBehavior [ RunTime:0.000077s ]
INFO: [ template_filter ] --END-- [ RunTime:0.000179s ]
INFO: Run Behavior\ParseTemplateBehavior [ RunTime:0.004376s ]
INFO: [ view_parse ] --END-- [ RunTime:0.004487s ]
INFO: [ view_filter ] --START--
INFO: Run Behavior\WriteHtmlCacheBehavior [ RunTime:0.000210s ]
INFO: [ view_filter ] --END-- [ RunTime:0.000306s ]
INFO: [ app_end ] --START--
INFO: Run Behavior\ShowPageTraceBehavior [ RunTime:0.000383s ]
INFO: [ app_end ] --END-- [ RunTime:0.000480s ]

[ 2018-01-18T16:32:34+08:00 ] ::1 /autoyj/index.php/Home/Index/cut
INFO: [ app_init ] --START--
INFO: Run Behavior\BuildLiteBehavior [ RunTime:0.000031s ]
INFO: [ app_init ] --END-- [ RunTime:0.000947s ]
INFO: [ app_begin ] --START--
INFO: Run Behavior\ReadHtmlCacheBehavior [ RunTime:0.001001s ]
INFO: [ app_begin ] --END-- [ RunTime:0.001139s ]
SQL: SHOW COLUMNS FROM `think_cut` [ RunTime:0.0009s ]
SQL: SELECT `x`,`y` FROM `think_cut`  [ RunTime:0.0004s ]
NOTIC: [8] Undefined variable: width E:\wamp\www\autoyj\Application\Home\Controller\IndexController.class.php 第 48 行.
NOTIC: [8] Undefined variable: height E:\wamp\www\autoyj\Application\Home\Controller\IndexController.class.php 第 49 行.
NOTIC: [8] Undefined variable: width E:\wamp\www\autoyj\Application\Home\Controller\IndexController.class.php 第 48 行.
NOTIC: [8] Undefined variable: height E:\wamp\www\autoyj\Application\Home\Controller\IndexController.class.php 第 49 行.
NOTIC: [8] Undefined variable: width E:\wamp\www\autoyj\Application\Home\Controller\IndexController.class.php 第 48 行.
NOTIC: [8] Undefined variable: height E:\wamp\www\autoyj\Application\Home\Controller\IndexController.class.php 第 49 行.
NOTIC: [8] Undefined variable: width E:\wamp\www\autoyj\Application\Home\Controller\IndexController.class.php 第 48 行.
NOTIC: [8] Undefined variable: height E:\wamp\www\autoyj\Application\Home\Controller\IndexController.class.php 第 49 行.
NOTIC: [8] Undefined variable: width E:\wamp\www\autoyj\Application\Home\Controller\IndexController.class.php 第 48 行.
NOTIC: [8] Undefined variable: height E:\wamp\www\autoyj\Application\Home\Controller\IndexController.class.php 第 49 行.
NOTIC: [8] Undefined variable: width E:\wamp\www\autoyj\Application\Home\Controller\IndexController.class.php 第 48 行.
NOTIC: [8] Undefined variable: height E:\wamp\www\autoyj\Application\Home\Controller\IndexController.class.php 第 49 行.
NOTIC: [8] Undefined variable: width E:\wamp\www\autoyj\Application\Home\Controller\IndexController.class.php 第 48 行.
NOTIC: [8] Undefined variable: height E:\wamp\www\autoyj\Application\Home\Controller\IndexController.class.php 第 49 行.
NOTIC: [8] Undefined variable: width E:\wamp\www\autoyj\Application\Home\Controller\IndexController.class.php 第 48 行.
NOTIC: [8] Undefined variable: height E:\wamp\www\autoyj\Application\Home\Controller\IndexController.class.php 第 49 行.
NOTIC: [8] Undefined variable: width E:\wamp\www\autoyj\Application\Home\Controller\IndexController.class.php 第 48 行.
NOTIC: [8] Undefined variable: height E:\wamp\www\autoyj\Application\Home\Controller\IndexController.class.php 第 49 行.
NOTIC: [8] Undefined variable: width E:\wamp\www\autoyj\Application\Home\Controller\IndexController.class.php 第 48 行.
NOTIC: [8] Undefined variable: height E:\wamp\www\autoyj\Application\Home\Controller\IndexController.class.php 第 49 行.
NOTIC: [8] Undefined variable: width E:\wamp\www\autoyj\Application\Home\Controller\IndexController.class.php 第 48 行.
NOTIC: [8] Undefined variable: height E:\wamp\www\autoyj\Application\Home\Controller\IndexController.class.php 第 49 行.
NOTIC: [8] Undefined variable: width E:\wamp\www\autoyj\Application\Home\Controller\IndexController.class.php 第 48 行.
NOTIC: [8] Undefined variable: height E:\wamp\www\autoyj\Application\Home\Controller\IndexController.class.php 第 49 行.
INFO: [ view_parse ] --START--
INFO: [ template_filter ] --START--
INFO: Run Behavior\ContentReplaceBehavior [ RunTime:0.000080s ]
INFO: [ template_filter ] --END-- [ RunTime:0.000246s ]
INFO: Run Behavior\ParseTemplateBehavior [ RunTime:0.006397s ]
INFO: [ view_parse ] --END-- [ RunTime:0.006534s ]
INFO: [ view_filter ] --START--
INFO: Run Behavior\WriteHtmlCacheBehavior [ RunTime:0.000667s ]
INFO: [ view_filter ] --END-- [ RunTime:0.000780s ]
INFO: [ app_end ] --START--
INFO: Run Behavior\ShowPageTraceBehavior [ RunTime:0.000968s ]
INFO: [ app_end ] --END-- [ RunTime:0.001092s ]

