[ 2017-12-25T16:29:32+08:00 ] ::1 /autoyj/Public/img/crop.jpg
INFO: [ app_init ] --START--
INFO: Run Behavior\BuildLiteBehavior [ RunTime:0.000023s ]
INFO: [ app_init ] --END-- [ RunTime:0.000573s ]
ERR: 无法加载模块:PUBLIC

[ 2017-12-25T16:30:58+08:00 ] ::1 /autoyj/Public/img/crop.jpg
INFO: [ app_init ] --START--
INFO: Run Behavior\BuildLiteBehavior [ RunTime:0.000022s ]
INFO: [ app_init ] --END-- [ RunTime:0.000409s ]
ERR: 无法加载模块:PUBLIC

[ 2017-12-25T16:32:13+08:00 ] ::1 /autoyj/Public/img/crop.jpg
INFO: [ app_init ] --START--
INFO: Run Behavior\BuildLiteBehavior [ RunTime:0.000022s ]
INFO: [ app_init ] --END-- [ RunTime:0.000407s ]
ERR: 无法加载模块:PUBLIC

[ 2017-12-25T16:34:31+08:00 ] ::1 /autoyj/Public/img/crop.jpg
INFO: [ app_init ] --START--
INFO: Run Behavior\BuildLiteBehavior [ RunTime:0.000021s ]
INFO: [ app_init ] --END-- [ RunTime:0.000404s ]
ERR: 无法加载模块:PUBLIC

[ 2017-12-25T16:40:23+08:00 ] ::1 /autoyj/Public/img/crop.jpg
INFO: [ app_init ] --START--
INFO: Run Behavior\BuildLiteBehavior [ RunTime:0.000023s ]
INFO: [ app_init ] --END-- [ RunTime:0.000465s ]
ERR: 无法加载模块:PUBLIC

[ 2017-12-25T16:53:33+08:00 ] ::1 /autoyj/Public/img/crop.jpg
INFO: [ app_init ] --START--
INFO: Run Behavior\BuildLiteBehavior [ RunTime:0.000022s ]
INFO: [ app_init ] --END-- [ RunTime:0.000421s ]
ERR: 无法加载模块:PUBLIC

[ 2017-12-25T17:23:27+08:00 ] ::1 /autoyj/Public/img/crop.jpg
INFO: [ app_init ] --START--
INFO: Run Behavior\BuildLiteBehavior [ RunTime:0.000023s ]
INFO: [ app_init ] --END-- [ RunTime:0.000435s ]
ERR: 无法加载模块:PUBLIC

